<?xml version="1.0" encoding="UTF-8"?>
<!-- Generated by org.testng.reporters.JUnitReportReporter -->
<testsuite hostname="Gaurav-Raval-MacBook.local" name="Temp.JSONHandling" tests="1" failures="0" timestamp="2 Jun 2014 17:26:07 GMT" time="0.108" errors="0">
  <testcase name="readJsonTest" time="0.108" classname="Temp.JSONHandling"/>
</testsuite> <!-- Temp.JSONHandling -->
