<?xml version="1.0" encoding="UTF-8"?>
<!-- Generated by org.testng.reporters.JUnitReportReporter -->
<testsuite hostname="Gaurav-Raval-MacBook.local" name="Temp.SeleniumActionExample" tests="1" failures="0" timestamp="2 Jun 2014 16:23:12 GMT" time="25.450" errors="0">
  <testcase name="sliding" time="25.450" classname="Temp.SeleniumActionExample"/>
</testsuite> <!-- Temp.SeleniumActionExample -->
